<?xml version="1.0" encoding="UTF-8"?>
<!-- Generated by org.testng.reporters.JUnitReportReporter -->
<testsuite hostname="Shayla" failures="0" tests="1" name="com.Pains.sa.SL_pain.testetst" time="77.711" errors="0" timestamp="2024-04-24T09:01:44 EDT" skipped="0">
  <testcase classname="com.Pains.sa.SL_pain.testetst" name="tom" time="77.711"/>
  <system-out/>
</testsuite> <!-- com.Pains.sa.SL_pain.testetst -->
