<?xml version="1.0" encoding="UTF-8"?>
<!-- Generated by org.testng.reporters.JUnitReportReporter -->
<testsuite hostname="DESKTOP-ENVFPHJ" failures="0" tests="1" name="com.drop.ha.drop_down.action1" time="20.308" errors="0" timestamp="2024-05-03T20:52:39 EDT" skipped="0">
  <testcase classname="com.drop.ha.drop_down.action1" name="ac" time="20.308"/>
  <system-out/>
</testsuite> <!-- com.drop.ha.drop_down.action1 -->
