<?xml version="1.0" encoding="UTF-8"?>
<!-- Generated by org.testng.reporters.JUnitReportReporter -->
<testsuite hostname="DESKTOP-ENVFPHJ" failures="0" tests="1" name="com.drop.ha.drop_down.Login_verify" time="22.573" errors="0" timestamp="2024-05-04T13:03:55 EDT" skipped="0">
  <testcase classname="com.drop.ha.drop_down.Login_verify" name="user" time="22.573"/>
  <system-out/>
</testsuite> <!-- com.drop.ha.drop_down.Login_verify -->
