<?xml version="1.0" encoding="UTF-8"?>
<!-- Generated by org.testng.reporters.JUnitReportReporter -->
<testsuite hostname="DESKTOP-ENVFPHJ" failures="0" tests="1" name="com.drop.ha.drop_down.framedemo" time="16.114" errors="0" timestamp="2024-05-07T07:56:39 EDT" skipped="0">
  <testcase classname="com.drop.ha.drop_down.framedemo" name="ga" time="16.114"/>
  <system-out/>
</testsuite> <!-- com.drop.ha.drop_down.framedemo -->
