<?xml version="1.0" encoding="UTF-8"?>
<!-- Generated by org.testng.reporters.JUnitReportReporter -->
<testsuite hostname="DESKTOP-ENVFPHJ" failures="0" tests="1" name="com.drop.ha.drop_down.action_dell" time="31.931" errors="0" timestamp="2024-05-06T13:09:52 EDT" skipped="0">
  <testcase classname="com.drop.ha.drop_down.action_dell" name="ac" time="31.931"/>
  <system-out/>
</testsuite> <!-- com.drop.ha.drop_down.action_dell -->
