<?xml version="1.0" encoding="UTF-8"?>
<!-- Generated by org.testng.reporters.JUnitReportReporter -->
<testsuite hostname="DESKTOP-ENVFPHJ" failures="0" tests="1" name="com.drop.ha.drop_down.demo_drpdwn" time="19.570" errors="0" timestamp="2024-05-03T19:51:43 EDT" skipped="0">
  <testcase classname="com.drop.ha.drop_down.demo_drpdwn" name="dd" time="19.570"/>
  <system-out/>
</testsuite> <!-- com.drop.ha.drop_down.demo_drpdwn -->
